# JRE version: Java(TM) SE Runtime Environment (12.0.2+10) (build 12.0.2+10)
# Java VM: Java HotSpot(TM) 64-Bit Server VM (12.0.2+10, mixed mode, sharing, tiered, compressed oops, g1 gc, windows-amd64)
Heap:
 garbage-first heap   total 307200K, used 23668K [0x0000000706400000, 0x0000000800000000)
  region size 1024K, 13 young (13312K), 6 survivors (6144K)
 Metaspace       used 16408K, capacity 17340K, committed 17664K, reserved 1064960K
  class space    used 1741K, capacity 1934K, committed 2048K, reserved 1048576K
GC Heap History (10 events):
Event: 1.698 GC heap before
{Heap before GC invocations=3 (full 0):
 garbage-first heap   total 256000K, used 25493K [0x0000000706400000, 0x0000000800000000)
  region size 1024K, 22 young (22528K), 1 survivors (1024K)
 Metaspace       used 9525K, capacity 11542K, committed 11648K, reserved 1058816K
  class space    used 1156K, capacity 1396K, committed 1408K, reserved 1048576K
}
Event: 1.701 GC heap after
{Heap after GC invocations=4 (full 0):
 garbage-first heap   total 256000K, used 5034K [0x0000000706400000, 0x0000000800000000)
  region size 1024K, 2 young (2048K), 2 survivors (2048K)
 Metaspace       used 9525K, capacity 11542K, committed 11648K, reserved 1058816K
  class space    used 1156K, capacity 1396K, committed 1408K, reserved 1048576K
}
Event: 2.713 GC heap before
{Heap before GC invocations=4 (full 0):
 garbage-first heap   total 256000K, used 34730K [0x0000000706400000, 0x0000000800000000)
  region size 1024K, 31 young (31744K), 2 survivors (2048K)
 Metaspace       used 13171K, capacity 14465K, committed 14592K, reserved 1062912K
  class space    used 1536K, capacity 1740K, committed 1792K, reserved 1048576K
}
Event: 2.720 GC heap after
{Heap after GC invocations=5 (full 0):
 garbage-first heap   total 256000K, used 7804K [0x0000000706400000, 0x0000000800000000)
  region size 1024K, 4 young (4096K), 4 survivors (4096K)
 Metaspace       used 13171K, capacity 14465K, committed 14592K, reserved 1062912K
  class space    used 1536K, capacity 1740K, committed 1792K, reserved 1048576K
}
Event: 4.048 GC heap before
{Heap before GC invocations=5 (full 0):
 garbage-first heap   total 256000K, used 46716K [0x0000000706400000, 0x0000000800000000)
  region size 1024K, 42 young (43008K), 4 survivors (4096K)
 Metaspace       used 14021K, capacity 15157K, committed 15360K, reserved 1062912K
  class space    used 1578K, capacity 1776K, committed 1792K, reserved 1048576K
}
Event: 4.059 GC heap after
{Heap after GC invocations=6 (full 0):
 garbage-first heap   total 256000K, used 12077K [0x0000000706400000, 0x0000000800000000)
  region size 1024K, 6 young (6144K), 6 survivors (6144K)
 Metaspace       used 14021K, capacity 15157K, committed 15360K, reserved 1062912K
  class space    used 1578K, capacity 1776K, committed 1792K, reserved 1048576K
}
Event: 4.831 GC heap before
{Heap before GC invocations=6 (full 0):
 garbage-first heap   total 256000K, used 49965K [0x0000000706400000, 0x0000000800000000)
  region size 1024K, 43 young (44032K), 6 survivors (6144K)
 Metaspace       used 14566K, capacity 15650K, committed 16000K, reserved 1062912K
  class space    used 1595K, capacity 1812K, committed 1920K, reserved 1048576K
}
Event: 4.842 GC heap after
{Heap after GC invocations=7 (full 0):
 garbage-first heap   total 307200K, used 15181K [0x0000000706400000, 0x0000000800000000)
  region size 1024K, 4 young (4096K), 4 survivors (4096K)
 Metaspace       used 14566K, capacity 15650K, committed 16000K, reserved 1062912K
  class space    used 1595K, capacity 1812K, committed 1920K, reserved 1048576K
}
Event: 7.048 GC heap before
{Heap before GC invocations=7 (full 0):
 garbage-first heap   total 307200K, used 69453K [0x0000000706400000, 0x0000000800000000)
  region size 1024K, 57 young (58368K), 4 survivors (4096K)
 Metaspace       used 15901K, capacity 16952K, committed 17152K, reserved 1064960K
  class space    used 1702K, capacity 1930K, committed 2048K, reserved 1048576K
}
Event: 7.056 GC heap after
{Heap after GC invocations=8 (full 0):
 garbage-first heap   total 307200K, used 17524K [0x0000000706400000, 0x0000000800000000)
  region size 1024K, 6 young (6144K), 6 survivors (6144K)
 Metaspace       used 15901K, capacity 16952K, committed 17152K, reserved 1064960K
  class space    used 1702K, capacity 1930K, committed 2048K, reserved 1048576K
}

